[ZDU-CHK-AUDIT-JSON-20250728]
tipo: auditoria_json
descripcion: Auditoría de integridad de archivos JSON en el repositorio.
total_json: 164
validos: 148
errores: 16
script: audit_repo_json_integrity.cjs
fecha: 2025-07-28
estado: completado
[ZDU-CHK-INGESTA-20250729]
tipo: ingesta_narrativa
descripcion: Ingesta de campañas desde Supabase sincronizadas localmente.
archivos_nuevos: 4
origen: supabase_sync.cjs
fecha: 2025-07-29
estado: registrado
[ZDU-CHK-AUDIT-JSON-20250801]
tipo: auditoria_json
descripcion: Auditoría global de archivos JSON en el proyecto.
total_json: 251
validos: 233
errores: 18
script: audit_repo_json_integrity.cjs
fecha: 2025-08-01
estado: completado
